Error: Too few ports on reference to 'CRAdder' in 'VM'. (LINK-4)
Warning: Unable to resolve reference 'CRAdder' in 'VM'. (LINK-5)
Error: Too few ports on reference to 'CRAdder' in 'VM'. (LINK-4)
Warning: Unable to resolve reference 'CRAdder' in 'VM'. (LINK-5)
Error: Too few ports on reference to 'CRAdder_64' in 'VM'. (LINK-4)
Warning: Unable to resolve reference 'CRAdder_64' in 'VM'. (LINK-5)
 
****************************************
Report : area
Design : VMSeq
Version: G-2012.06-SP2
Date   : Sun Jan  1 17:03:12 2017
****************************************

Information: Updating design information... (UID-85)
Library(s) Used:

    NangateOpenCellLibrary_ss0p95vn40c (File: /home/standard_cell_libraries/NangateOpenCellLibrary_PDKv1_3_v2010_12/lib/Front_End/Liberty/NLDM/NangateOpenCellLibrary_ss0p95vn40c.db)

Number of ports:                          130
Number of nets:                           258
Number of cells:                            4
Number of combinational cells:              0
Number of sequential cells:                 0
Number of macros:                           0
Number of buf/inv:                          0
Number of references:                       4

Combinational area:       5831.518015
Buf/Inv area:              410.171996
Noncombinational area:     578.815979
Net Interconnect area:      undefined  (Wire load has zero net area)

Total cell area:          6410.333994
Total area:                 undefined

Information: This design contains black box (unknown) components. (RPT-8)
1
