Flow report for TreeMultiplier
Sun Dec 24 15:50:11 2023
Quartus Prime Version 21.1.1 Build 850 06/23/2022 SJ Lite Edition


---------------------
; Table of Contents ;
---------------------
  1. Legal Notice
  2. Flow Summary
  3. Flow Settings
  4. Flow Non-Default Global Settings
  5. Flow Elapsed Time
  6. Flow OS Summary
  7. Flow Log
  8. Flow Messages
  9. Flow Suppressed Messages



----------------
; Legal Notice ;
----------------
Copyright (C) 2022  Intel Corporation. All rights reserved.
Your use of Intel Corporation's design tools, logic functions 
and other software and tools, and any partner logic 
functions, and any output files from any of the foregoing 
(including device programming or simulation files), and any 
associated documentation or information are expressly subject 
to the terms and conditions of the Intel Program License 
Subscription Agreement, the Intel Quartus Prime License Agreement,
the Intel FPGA IP License Agreement, or other applicable license
agreement, including, without limitation, that your use is for
the sole purpose of programming logic devices manufactured by
Intel and sold by Intel or its authorized distributors.  Please
refer to the applicable agreement for further details, at
https://fpgasoftware.intel.com/eula.



+-------------------------------------------------------------------------------+
; Flow Summary                                                                  ;
+---------------------------------+---------------------------------------------+
; Flow Status                     ; Successful - Sun Dec 24 15:50:00 2023       ;
; Quartus Prime Version           ; 21.1.1 Build 850 06/23/2022 SJ Lite Edition ;
; Revision Name                   ; TreeMultiplier                              ;
; Top-level Entity Name           ; TMSeq                                       ;
; Family                          ; Cyclone V                                   ;
; Device                          ; 5CGTFD9E5F35C7                              ;
; Timing Models                   ; Final                                       ;
; Logic utilization (in ALMs)     ; 2,091 / 113,560 ( 2 % )                     ;
; Total registers                 ; 128                                         ;
; Total pins                      ; 130 / 616 ( 21 % )                          ;
; Total virtual pins              ; 0                                           ;
; Total block memory bits         ; 0 / 12,492,800 ( 0 % )                      ;
; Total DSP Blocks                ; 0 / 342 ( 0 % )                             ;
; Total HSSI RX PCSs              ; 0 / 12 ( 0 % )                              ;
; Total HSSI PMA RX Deserializers ; 0 / 12 ( 0 % )                              ;
; Total HSSI TX PCSs              ; 0 / 12 ( 0 % )                              ;
; Total HSSI PMA TX Serializers   ; 0 / 12 ( 0 % )                              ;
; Total PLLs                      ; 0 / 20 ( 0 % )                              ;
; Total DLLs                      ; 0 / 4 ( 0 % )                               ;
+---------------------------------+---------------------------------------------+


+-----------------------------------------+
; Flow Settings                           ;
+-------------------+---------------------+
; Option            ; Setting             ;
+-------------------+---------------------+
; Start date & time ; 12/24/2023 15:40:58 ;
; Main task         ; Compilation         ;
; Revision Name     ; TreeMultiplier      ;
+-------------------+---------------------+


+--------------------------------------------------------------------------------------------------------------------------+
; Flow Non-Default Global Settings                                                                                         ;
+-------------------------------------+----------------------------------------+----------------+-------------+------------+
; Assignment Name                     ; Value                                  ; Default Value  ; Entity Name ; Section Id ;
+-------------------------------------+----------------------------------------+----------------+-------------+------------+
; COMPILER_SIGNATURE_ID               ; 10995770589204.170342525838856         ; --             ; --          ; --         ;
; MAX_CORE_JUNCTION_TEMP              ; 85                                     ; --             ; --          ; --         ;
; MIN_CORE_JUNCTION_TEMP              ; 0                                      ; --             ; --          ; --         ;
; PARTITION_COLOR                     ; -- (Not supported for targeted family) ; --             ; TMSeq       ; Top        ;
; PARTITION_FITTER_PRESERVATION_LEVEL ; -- (Not supported for targeted family) ; --             ; TMSeq       ; Top        ;
; PARTITION_NETLIST_TYPE              ; -- (Not supported for targeted family) ; --             ; TMSeq       ; Top        ;
; POWER_BOARD_THERMAL_MODEL           ; None (CONSERVATIVE)                    ; --             ; --          ; --         ;
; POWER_PRESET_COOLING_SOLUTION       ; 23 MM HEAT SINK WITH 200 LFPM AIRFLOW  ; --             ; --          ; --         ;
; PROJECT_OUTPUT_DIRECTORY            ; output_files                           ; --             ; --          ; --         ;
; TOP_LEVEL_ENTITY                    ; TMSeq                                  ; TreeMultiplier ; --          ; --         ;
+-------------------------------------+----------------------------------------+----------------+-------------+------------+


+--------------------------------------------------------------------------------------------------------------------------+
; Flow Elapsed Time                                                                                                        ;
+----------------------+--------------+-------------------------+---------------------+------------------------------------+
; Module Name          ; Elapsed Time ; Average Processors Used ; Peak Virtual Memory ; Total CPU Time (on all processors) ;
+----------------------+--------------+-------------------------+---------------------+------------------------------------+
; Analysis & Synthesis ; 00:00:36     ; 1.0                     ; 4925 MB             ; 00:00:31                           ;
; Fitter               ; 00:08:04     ; 1.1                     ; 7883 MB             ; 00:08:31                           ;
; Assembler            ; 00:00:18     ; 1.0                     ; 4897 MB             ; 00:00:11                           ;
; Timing Analyzer      ; 00:00:10     ; 3.4                     ; 5423 MB             ; 00:00:20                           ;
; Total                ; 00:09:08     ; --                      ; --                  ; 00:09:33                           ;
+----------------------+--------------+-------------------------+---------------------+------------------------------------+


+------------------------------------------------------------------------------------+
; Flow OS Summary                                                                    ;
+----------------------+------------------+------------+------------+----------------+
; Module Name          ; Machine Hostname ; OS Name    ; OS Version ; Processor type ;
+----------------------+------------------+------------+------------+----------------+
; Analysis & Synthesis ; Sofa             ; Windows 10 ; 10.0       ; x86_64         ;
; Fitter               ; Sofa             ; Windows 10 ; 10.0       ; x86_64         ;
; Assembler            ; Sofa             ; Windows 10 ; 10.0       ; x86_64         ;
; Timing Analyzer      ; Sofa             ; Windows 10 ; 10.0       ; x86_64         ;
+----------------------+------------------+------------+------------+----------------+


------------
; Flow Log ;
------------
quartus_map --read_settings_files=on --write_settings_files=off TreeMultiplier -c TreeMultiplier
quartus_fit --read_settings_files=off --write_settings_files=off TreeMultiplier -c TreeMultiplier
quartus_asm --read_settings_files=off --write_settings_files=off TreeMultiplier -c TreeMultiplier
quartus_sta TreeMultiplier -c TreeMultiplier



